# JRE version: Java(TM) SE Runtime Environment (8.0_131-b11) (build 1.8.0_131-b11)
# Java VM: Java HotSpot(TM) 64-Bit Server VM (25.131-b11 mixed mode linux-amd64 compressed oops)
Heap:
 PSYoungGen      total 104960K, used 7648K [0x0000000781f00000, 0x0000000788d00000, 0x00000007c0000000)
  eden space 97280K, 0% used [0x0000000781f00000,0x0000000781f00000,0x0000000787e00000)
  from space 7680K, 99% used [0x0000000787e00000,0x0000000788578050,0x0000000788580000)
  to   space 7680K, 0% used [0x0000000788580000,0x0000000788580000,0x0000000788d00000)
 ParOldGen       total 128512K, used 13381K [0x0000000705c00000, 0x000000070d980000, 0x0000000781f00000)
  object space 128512K, 10% used [0x0000000705c00000,0x0000000706911518,0x000000070d980000)
 Metaspace       used 3828K, capacity 5176K, committed 5376K, reserved 1056768K
  class space    used 410K, capacity 488K, committed 512K, reserved 1048576K
GC Heap History (5 events):
Event: 0.877 GC heap before
{Heap before GC invocations=1 (full 0):
 PSYoungGen      total 56320K, used 48640K [0x0000000781f00000, 0x0000000785d80000, 0x00000007c0000000)
  eden space 48640K, 100% used [0x0000000781f00000,0x0000000784e80000,0x0000000784e80000)
  from space 7680K, 0% used [0x0000000785600000,0x0000000785600000,0x0000000785d80000)
  to   space 7680K, 0% used [0x0000000784e80000,0x0000000784e80000,0x0000000785600000)
 ParOldGen       total 128512K, used 0K [0x0000000705c00000, 0x000000070d980000, 0x0000000781f00000)
  object space 128512K, 0% used [0x0000000705c00000,0x0000000705c00000,0x000000070d980000)
 Metaspace       used 3790K, capacity 5144K, committed 5376K, reserved 1056768K
  class space    used 406K, capacity 456K, committed 512K, reserved 1048576K
Event: 0.887 GC heap after
Heap after GC invocations=1 (full 0):
 PSYoungGen      total 56320K, used 5298K [0x0000000781f00000, 0x0000000788d00000, 0x00000007c0000000)
  eden space 48640K, 0% used [0x0000000781f00000,0x0000000781f00000,0x0000000784e80000)
  from space 7680K, 68% used [0x0000000784e80000,0x00000007853ac8d0,0x0000000785600000)
  to   space 7680K, 0% used [0x0000000788580000,0x0000000788580000,0x0000000788d00000)
 ParOldGen       total 128512K, used 8K [0x0000000705c00000, 0x000000070d980000, 0x0000000781f00000)
  object space 128512K, 0% used [0x0000000705c00000,0x0000000705c02000,0x000000070d980000)
 Metaspace       used 3790K, capacity 5144K, committed 5376K, reserved 1056768K
  class space    used 406K, capacity 456K, committed 512K, reserved 1048576K
}
Event: 1.188 GC heap before
{Heap before GC invocations=2 (full 0):
 PSYoungGen      total 56320K, used 53938K [0x0000000781f00000, 0x0000000788d00000, 0x00000007c0000000)
  eden space 48640K, 100% used [0x0000000781f00000,0x0000000784e80000,0x0000000784e80000)
  from space 7680K, 68% used [0x0000000784e80000,0x00000007853ac8d0,0x0000000785600000)
  to   space 7680K, 0% used [0x0000000788580000,0x0000000788580000,0x0000000788d00000)
 ParOldGen       total 128512K, used 8K [0x0000000705c00000, 0x000000070d980000, 0x0000000781f00000)
  object space 128512K, 0% used [0x0000000705c00000,0x0000000705c02000,0x000000070d980000)
 Metaspace       used 3823K, capacity 5144K, committed 5376K, reserved 1056768K
  class space    used 409K, capacity 456K, committed 512K, reserved 1048576K
Event: 1.202 GC heap after
Heap after GC invocations=2 (full 0):
 PSYoungGen      total 104960K, used 7676K [0x0000000781f00000, 0x0000000788d00000, 0x00000007c0000000)
  eden space 97280K, 0% used [0x0000000781f00000,0x0000000781f00000,0x0000000787e00000)
  from space 7680K, 99% used [0x0000000788580000,0x0000000788cff390,0x0000000788d00000)
  to   space 7680K, 0% used [0x0000000787e00000,0x0000000787e00000,0x0000000788580000)
 ParOldGen       total 128512K, used 1697K [0x0000000705c00000, 0x000000070d980000, 0x0000000781f00000)
  object space 128512K, 1% used [0x0000000705c00000,0x0000000705da8470,0x000000070d980000)
 Metaspace       used 3823K, capacity 5144K, committed 5376K, reserved 1056768K
  class space    used 409K, capacity 456K, committed 512K, reserved 1048576K
}
Event: 8.989 GC heap before
{Heap before GC invocations=3 (full 0):
 PSYoungGen      total 104960K, used 104956K [0x0000000781f00000, 0x0000000788d00000, 0x00000007c0000000)
  eden space 97280K, 100% used [0x0000000781f00000,0x0000000787e00000,0x0000000787e00000)
  from space 7680K, 99% used [0x0000000788580000,0x0000000788cff390,0x0000000788d00000)
  to   space 7680K, 0% used [0x0000000787e00000,0x0000000787e00000,0x0000000788580000)
 ParOldGen       total 128512K, used 1697K [0x0000000705c00000, 0x000000070d980000, 0x0000000781f00000)
  object space 128512K, 1% used [0x0000000705c00000,0x0000000705da8470,0x000000070d980000)
 Metaspace       used 3828K, capacity 5176K, committed 5376K, reserved 1056768K
  class space    used 410K, capacity 488K, committed 512K, reserved 1048576K

